#
# A fatal error has been detected by the Java Runtime Environment:
#
#  EXCEPTION_ACCESS_VIOLATION (0xc0000005) at pc=0x6d0b5b5c, pid=6132, tid=9492
#
# JRE version: 6.0_24-b07
# Java VM: Java HotSpot(TM) Client VM (19.1-b02 mixed mode, sharing windows-x86 )
# Problematic frame:
# C  [awt.dll+0xb5b5c]
#
# If you would like to submit a bug report, please visit:
#   http://java.sun.com/webapps/bugreport/crash.jsp
# The crash happened outside the Java Virtual Machine in native code.
# See problematic frame for where to report the bug.
#

---------------  T H R E A D  ---------------

Current thread (0x02bbd800):  JavaThread "AWT-Windows" daemon [_thread_in_native, id=9492, stack(0x02f90000,0x02fe0000)]

siginfo: ExceptionCode=0xc0000005, reading address 0x00000018

Registers:
EAX=0x00000000, EBX=0x0318d958, ECX=0x02fdf780, EDX=0x038a8798
ESP=0x02fdf568, EBP=0x033284b0, ESI=0x00000001, EDI=0x000b8f00
EIP=0x6d0b5b5c, EFLAGS=0x00010246

Register to memory mapping:

EAX=0x00000000
0x00000000 is pointing to unknown location

EBX=0x0318d958
0x0318d958 is pointing to unknown location

ECX=0x02fdf780
0x02fdf780 is pointing into the stack for thread: 0x02bbd800
"AWT-Windows" daemon prio=6 tid=0x02bbd800 nid=0x2514 runnable [0x02fdf000]
   java.lang.Thread.State: RUNNABLE

EDX=0x038a8798
0x038a8798 is pointing to unknown location

ESP=0x02fdf568
0x02fdf568 is pointing into the stack for thread: 0x02bbd800
"AWT-Windows" daemon prio=6 tid=0x02bbd800 nid=0x2514 runnable [0x02fdf000]
   java.lang.Thread.State: RUNNABLE

EBP=0x033284b0
0x033284b0 is pointing to unknown location

ESI=0x00000001
0x00000001 is pointing to unknown location

EDI=0x000b8f00
0x000b8f00 is pointing to unknown location


Top of Stack: (sp=0x02fdf568)
0x02fdf568:   00000000 0318d958 00000204 6d0af09f
0x02fdf578:   0318d958 000b8f00 0318d958 0000022d
0x02fdf588:   6d0af14f 00000004 0318d958 6d0b5c06
0x02fdf598:   00000004 033284b0 0318d958 00000000
0x02fdf5a8:   440b6000 02fdf5a0 02fdf5a4 6d0b6877
0x02fdf5b8:   033284b0 00000012 0000022d 00000008
0x02fdf5c8:   0000008c 031ad020 02fdf758 01fdf5ec
0x02fdf5d8:   41940000 440b6000 00000012 00000000 

Instructions: (pc=0x6d0b5b5c)
0x6d0b5b4c:   06 6a 00 57 ff 91 14 01 00 00 8b 53 18 8b 42 08
0x6d0b5b5c:   8b 40 18 6a 00 50 8b cb e8 07 94 ff ff 5f 5e 5b 


Stack: [0x02f90000,0x02fe0000],  sp=0x02fdf568,  free space=317k
Native frames: (J=compiled Java code, j=interpreted, Vv=VM code, C=native code)
C  [awt.dll+0xb5b5c]

Java frames: (J=compiled Java code, j=interpreted, Vv=VM code)
j  sun.awt.windows.WToolkit.eventLoop()V+0
j  sun.awt.windows.WToolkit.run()V+52
j  java.lang.Thread.run()V+11
v  ~StubRoutines::call_stub

---------------  P R O C E S S  ---------------

Java Threads: ( => current thread )
  0x02bb6c00 JavaThread "Thread-22" [_thread_blocked, id=3256, stack(0x04bd0000,0x04c20000)]
  0x0316ac00 JavaThread "Java Sound Event Dispatcher" daemon [_thread_blocked, id=8844, stack(0x04b80000,0x04bd0000)]
  0x038c7000 JavaThread "Timer-1" [_thread_blocked, id=9404, stack(0x046f0000,0x04740000)]
  0x038c5800 JavaThread "TimerQueue" daemon [_thread_blocked, id=9968, stack(0x03740000,0x03790000)]
  0x038a3c00 JavaThread "D3D Screen Updater" daemon [_thread_blocked, id=8416, stack(0x03fb0000,0x04000000)]
  0x0389b000 JavaThread "Timer-0" [_thread_blocked, id=7900, stack(0x03ee0000,0x03f30000)]
  0x003a7400 JavaThread "DestroyJavaVM" [_thread_blocked, id=4192, stack(0x008c0000,0x00910000)]
  0x031bbc00 JavaThread "AWT-EventQueue-0" [_thread_in_native, id=9936, stack(0x03610000,0x03660000)]
  0x02bc5400 JavaThread "Thread-2" [_thread_blocked, id=8196, stack(0x03360000,0x033b0000)]
  0x02bc2000 JavaThread "EventQueueMonitor-ComponentEvtDispatch" [_thread_blocked, id=1596, stack(0x03110000,0x03160000)]
=>0x02bbd800 JavaThread "AWT-Windows" daemon [_thread_in_native, id=9492, stack(0x02f90000,0x02fe0000)]
  0x02bbc400 JavaThread "AWT-Shutdown" [_thread_blocked, id=8968, stack(0x02f40000,0x02f90000)]
  0x02b91000 JavaThread "Java2D Disposer" daemon [_thread_blocked, id=384, stack(0x02ef0000,0x02f40000)]
  0x02b4d800 JavaThread "Low Memory Detector" daemon [_thread_blocked, id=2076, stack(0x02dc0000,0x02e10000)]
  0x02b42000 JavaThread "CompilerThread0" daemon [_thread_blocked, id=6552, stack(0x02d70000,0x02dc0000)]
  0x02b40800 JavaThread "Attach Listener" daemon [_thread_blocked, id=4368, stack(0x02d20000,0x02d70000)]
  0x02b3f400 JavaThread "Signal Dispatcher" daemon [_thread_blocked, id=7472, stack(0x02cd0000,0x02d20000)]
  0x02b3b800 JavaThread "Finalizer" daemon [_thread_blocked, id=7988, stack(0x02c80000,0x02cd0000)]
  0x02b37000 JavaThread "Reference Handler" daemon [_thread_blocked, id=10084, stack(0x02c30000,0x02c80000)]

Other Threads:
  0x02afac00 VMThread [stack: 0x02be0000,0x02c30000] [id=4920]
  0x02b60c00 WatcherThread [stack: 0x02e10000,0x02e60000] [id=8860]

VM state:not at safepoint (normal execution)

VM Mutex/Monitor currently owned by a thread: None

Heap
 def new generation   total 4928K, used 2999K [0x22990000, 0x22ee0000, 0x27ee0000)
  eden space 4416K,  56% used [0x22990000, 0x22bfdef8, 0x22de0000)
  from space 512K, 100% used [0x22de0000, 0x22e60000, 0x22e60000)
  to   space 512K,   0% used [0x22e60000, 0x22e60000, 0x22ee0000)
 tenured generation   total 10944K, used 6512K [0x27ee0000, 0x28990000, 0x32990000)
   the space 10944K,  59% used [0x27ee0000, 0x2853c328, 0x2853c400, 0x28990000)
 compacting perm gen  total 12288K, used 3790K [0x32990000, 0x33590000, 0x36990000)
   the space 12288K,  30% used [0x32990000, 0x32d43a70, 0x32d43c00, 0x33590000)
    ro space 10240K,  51% used [0x36990000, 0x36ebcf58, 0x36ebd000, 0x37390000)
    rw space 12288K,  54% used [0x37390000, 0x37a28f50, 0x37a29000, 0x37f90000)

Dynamic libraries:
0x00400000 - 0x00424000 	C:\Program Files\Java\jre1.6.0_22\bin\javaw.exe
0x7c900000 - 0x7c9b2000 	C:\WINDOWS\system32\ntdll.dll
0x7c800000 - 0x7c8f6000 	C:\WINDOWS\system32\kernel32.dll
0x77dd0000 - 0x77e6b000 	C:\WINDOWS\system32\ADVAPI32.dll
0x77e70000 - 0x77f03000 	C:\WINDOWS\system32\RPCRT4.dll
0x77fe0000 - 0x77ff1000 	C:\WINDOWS\system32\Secur32.dll
0x7e410000 - 0x7e4a1000 	C:\WINDOWS\system32\USER32.dll
0x77f10000 - 0x77f59000 	C:\WINDOWS\system32\GDI32.dll
0x76390000 - 0x763ad000 	C:\WINDOWS\system32\IMM32.DLL
0x7c340000 - 0x7c396000 	C:\Program Files\Java\jre1.6.0_22\bin\msvcr71.dll
0x6d7f0000 - 0x6da96000 	C:\Program Files\Java\jre1.6.0_22\bin\client\jvm.dll
0x76b40000 - 0x76b6d000 	C:\WINDOWS\system32\WINMM.dll
0x6d7a0000 - 0x6d7ac000 	C:\Program Files\Java\jre1.6.0_22\bin\verify.dll
0x6d320000 - 0x6d33f000 	C:\Program Files\Java\jre1.6.0_22\bin\java.dll
0x6d280000 - 0x6d288000 	C:\Program Files\Java\jre1.6.0_22\bin\hpi.dll
0x76bf0000 - 0x76bfb000 	C:\WINDOWS\system32\PSAPI.DLL
0x6d7e0000 - 0x6d7ef000 	C:\Program Files\Java\jre1.6.0_22\bin\zip.dll
0x6d000000 - 0x6d14a000 	C:\Program Files\Java\jre1.6.0_22\bin\awt.dll
0x73000000 - 0x73026000 	C:\WINDOWS\system32\WINSPOOL.DRV
0x77c10000 - 0x77c68000 	C:\WINDOWS\system32\msvcrt.dll
0x774e0000 - 0x7761e000 	C:\WINDOWS\system32\ole32.dll
0x773d0000 - 0x774d3000 	C:\WINDOWS\WinSxS\x86_Microsoft.Windows.Common-Controls_6595b64144ccf1df_6.0.2600.6028_x-ww_61e65202\COMCTL32.dll
0x77f60000 - 0x77fd6000 	C:\WINDOWS\system32\SHLWAPI.dll
0x5ad70000 - 0x5ada8000 	C:\WINDOWS\system32\uxtheme.dll
0x74720000 - 0x7476c000 	C:\WINDOWS\system32\MSCTF.dll
0x10000000 - 0x10170000 	C:\WINDOWS\system32\nview.dll
0x7c9c0000 - 0x7d1d7000 	C:\WINDOWS\system32\SHELL32.dll
0x77120000 - 0x771ab000 	C:\WINDOWS\system32\OLEAUT32.dll
0x77c00000 - 0x77c08000 	C:\WINDOWS\system32\VERSION.dll
0x77690000 - 0x776b1000 	C:\WINDOWS\system32\NTMARTA.DLL
0x71bf0000 - 0x71c03000 	C:\WINDOWS\system32\SAMLIB.dll
0x76f60000 - 0x76f8c000 	C:\WINDOWS\system32\WLDAP32.dll
0x70800000 - 0x70858000 	C:\Program Files\Encentuate\ObsBaseAgent.dll
0x78480000 - 0x7850e000 	C:\WINDOWS\WinSxS\x86_Microsoft.VC90.CRT_1fc8b3b9a1e18e3b_9.0.30729.4974_x-ww_d889290f\MSVCP90.dll
0x78520000 - 0x785c3000 	C:\WINDOWS\WinSxS\x86_Microsoft.VC90.CRT_1fc8b3b9a1e18e3b_9.0.30729.4974_x-ww_d889290f\MSVCR90.dll
0x755c0000 - 0x755ee000 	C:\WINDOWS\system32\msctfime.ime
0x6d230000 - 0x6d27f000 	C:\Program Files\Java\jre1.6.0_22\bin\fontmanager.dll
0x4fdd0000 - 0x4ff76000 	C:\WINDOWS\system32\d3d9.dll
0x033c0000 - 0x033c6000 	C:\WINDOWS\system32\d3d8thk.dll
0x6d600000 - 0x6d613000 	C:\Program Files\Java\jre1.6.0_22\bin\net.dll
0x71ab0000 - 0x71ac7000 	C:\WINDOWS\system32\WS2_32.dll
0x71aa0000 - 0x71aa8000 	C:\WINDOWS\system32\WS2HELP.dll
0x6d620000 - 0x6d629000 	C:\Program Files\Java\jre1.6.0_22\bin\nio.dll
0x70000000 - 0x70442000 	C:\Program Files\Encentuate\WinSSOAgent.dll
0x77a80000 - 0x77b15000 	C:\WINDOWS\system32\CRYPT32.dll
0x77b20000 - 0x77b32000 	C:\WINDOWS\system32\MSASN1.dll
0x74c80000 - 0x74cac000 	C:\WINDOWS\system32\OLEACC.dll
0x76080000 - 0x760e5000 	C:\WINDOWS\system32\MSVCP60.dll
0x71a50000 - 0x71a8f000 	C:\WINDOWS\System32\mswsock.dll
0x76f20000 - 0x76f47000 	C:\WINDOWS\system32\DNSAPI.dll
0x6d1a0000 - 0x6d1c3000 	C:\Program Files\Java\jre1.6.0_22\bin\dcpr.dll
0x76fb0000 - 0x76fb8000 	C:\WINDOWS\System32\winrnr.dll
0x751d0000 - 0x751ee000 	C:\WINDOWS\system32\wshbth.dll
0x77920000 - 0x77a13000 	C:\WINDOWS\system32\SETUPAPI.dll
0x76fc0000 - 0x76fc6000 	C:\WINDOWS\system32\rasadhlp.dll
0x662b0000 - 0x66308000 	C:\WINDOWS\system32\hnetcfg.dll
0x71a90000 - 0x71a98000 	C:\WINDOWS\System32\wshtcpip.dll
0x04150000 - 0x04169000 	C:\Program Files\Encentuate\EnJavaJni.dll
0x76fd0000 - 0x7704f000 	C:\WINDOWS\system32\CLBCATQ.DLL
0x77050000 - 0x77115000 	C:\WINDOWS\system32\COMRes.dll
0x04230000 - 0x04284000 	C:\Program Files\Encentuate\JavaSupport\JavaSSOagent2.dll
0x04320000 - 0x045e5000 	C:\WINDOWS\system32\xpsp2res.dll
0x68000000 - 0x68036000 	C:\WINDOWS\system32\rsaenh.dll
0x769c0000 - 0x76a74000 	C:\WINDOWS\system32\USERENV.dll
0x5b860000 - 0x5b8b5000 	C:\WINDOWS\system32\netapi32.dll
0x6d440000 - 0x6d465000 	C:\Program Files\Java\jre1.6.0_22\bin\jpeg.dll
0x6d510000 - 0x6d534000 	C:\Program Files\Java\jre1.6.0_22\bin\jsound.dll
0x6d540000 - 0x6d548000 	C:\Program Files\Java\jre1.6.0_22\bin\jsoundds.dll
0x73f10000 - 0x73f6c000 	C:\WINDOWS\system32\DSOUND.dll
0x76c30000 - 0x76c5e000 	C:\WINDOWS\system32\WINTRUST.dll
0x76c90000 - 0x76cb8000 	C:\WINDOWS\system32\IMAGEHLP.dll
0x72d20000 - 0x72d29000 	C:\WINDOWS\system32\wdmaud.drv
0x72d10000 - 0x72d18000 	C:\WINDOWS\system32\msacm32.drv
0x77be0000 - 0x77bf5000 	C:\WINDOWS\system32\MSACM32.dll
0x77bd0000 - 0x77bd7000 	C:\WINDOWS\system32\midimap.dll
0x73ee0000 - 0x73ee4000 	C:\WINDOWS\system32\KsUser.dll

VM Arguments:
jvm_args: -Dfile.encoding=Cp1252 
java_command: subsonicj.Main
Launcher Type: SUN_STANDARD

Environment Variables:
CLASSPATH=.;.;C:\Program Files\Java\jre6\lib\ext\QTJava.zip;C:\sdk\android-sdk-windows\tools;.;.;C:\PROGRA~1\JMF21~1.1E\lib\sound.jar;C:\PROGRA~1\JMF21~1.1E\lib\jmf.jar;C:\PROGRA~1\JMF21~1.1E\lib;C:\WINDOWS\java\classes;.;.;C:\sdk\tools\signing\testsign.jar
PATH=C:/Program Files/Java/jre1.6.0_22/bin/client;C:/Program Files/Java/jre1.6.0_22/bin;C:/Program Files/Java/jre1.6.0_22/lib/i386;C:\Program Files\Common Files\Microsoft Shared\Windows Live;C:\ORACLE\ORA92\bin;C:\Program Files\Oracle\jre\1.1.8\bin;C:\WINDOWS\system32;C:\WINDOWS;C:\WINDOWS\System32\Wbem;C:\Program Files\Attachmate\Reflection\;C:\Program Files\Attachmate\e!e2k\;C:\WINDOWS\system32\WindowsPowerShell\v1.0;C:\Program Files\QuickTime\QTSystem\;C:\Program Files\Windows Imaging\;C:\Program Files\NCR\Common Files\Shared ICU Libraries for Teradata\lib;C:\sdk\android-sdk-windows\tools;C:\Program Files\Enterprise Vault\EVClient\;C:\Program Files\Encentuate\AccessAgent\Integration\Carefx\Fusionfx;C:\Program Files\Encentuate\
USERNAME=bj2356
OS=Windows_NT
PROCESSOR_IDENTIFIER=x86 Family 15 Model 107 Stepping 2, AuthenticAMD



---------------  S Y S T E M  ---------------

OS: Windows XP Build 2600 Service Pack 3

CPU:total 2 (2 cores per cpu, 1 threads per core) family 15 model 107 stepping 2, cmov, cx8, fxsr, mmx, sse, sse2, sse3, mmxext, 3dnow, 3dnowext

Memory: 4k page, physical 1964348k(380884k free), swap 3900908k(2250180k free)

vm_info: Java HotSpot(TM) Client VM (19.1-b02) for windows-x86 JRE (1.6.0_24-b07), built on Feb  2 2011 17:44:41 by "java_re" with MS VC++ 7.1 (VS2003)

time: Thu Mar 17 12:49:10 2011
elapsed time: 91 seconds

